#
# A fatal error has been detected by the Java Runtime Environment:
#
#  Internal Error (javaClasses.cpp:136), pid=3516, tid=4056
#  fatal error: Invalid layout of preloaded class
#
# JRE version:  (7.0_51-b13) (build )
# Java VM: Java HotSpot(TM) 64-Bit Server VM (24.51-b03 mixed mode windows-amd64 compressed oops)
# Failed to write core dump. Minidumps are not enabled by default on client versions of Windows
#
# If you would like to submit a bug report, please visit:
#   http://bugreport.sun.com/bugreport/crash.jsp
#

---------------  T H R E A D  ---------------

Current thread (0x0000000002cc0800):  JavaThread "Unknown thread" [_thread_in_vm, id=4056, stack(0x0000000002af0000,0x0000000002bf0000)]

Stack: [0x0000000002af0000,0x0000000002bf0000]

---------------  P R O C E S S  ---------------

Java Threads: ( => current thread )

Other Threads:

=>0x0000000002cc0800 (exited) JavaThread "Unknown thread" [_thread_in_vm, id=4056, stack(0x0000000002af0000,0x0000000002bf0000)]

VM state:not at safepoint (not fully initialized)

VM Mutex/Monitor currently owned by a thread: None

GC Heap History (0 events):
No events

Deoptimization events (0 events):
No events

Internal exceptions (0 events):
No events

Events (10 events):
Event: 0.012 loading class 0x0000000002d0e7f0 done
Event: 0.012 loading class 0x0000000002d0e210 done
Event: 0.012 loading class 0x0000000002d0e1f0
Event: 0.012 loading class 0x0000000002d162f0
Event: 0.012 loading class 0x0000000002d162f0 done
Event: 0.012 loading class 0x0000000002d16320
Event: 0.012 loading class 0x0000000002d16320 done
Event: 0.012 loading class 0x0000000002d16350
Event: 0.012 loading class 0x0000000002d16350 done
Event: 0.012 loading class 0x0000000002d0e1f0 done


Dynamic libraries:
0x00007ff6f1a80000 - 0x00007ff6f1ab3000 	C:\Program Files\Java\jre7\bin\javaw.exe
0x00007ffc0b650000 - 0x00007ffc0b7f9000 	C:\Windows\SYSTEM32\ntdll.dll
0x00007ffc0b4b0000 - 0x00007ffc0b5e9000 	C:\Windows\system32\KERNEL32.DLL
0x00007ffc08dd0000 - 0x00007ffc08ede000 	C:\Windows\system32\KERNELBASE.dll
0x00007ffc074f0000 - 0x00007ffc0757b000 	C:\Windows\system32\apphelp.dll
0x00007ffbff850000 - 0x00007ffbff89f000 	C:\Windows\AppPatch\AppPatch64\AcGenral.DLL
0x00007ffc0b240000 - 0x00007ffc0b2e7000 	C:\Windows\system32\msvcrt.dll
0x00007ffc087e0000 - 0x00007ffc0880b000 	C:\Windows\SYSTEM32\SspiCli.dll
0x00007ffc0b440000 - 0x00007ffc0b491000 	C:\Windows\system32\SHLWAPI.dll
0x00007ffc09690000 - 0x00007ffc09801000 	C:\Windows\system32\USER32.dll
0x00007ffc09950000 - 0x00007ffc09ac6000 	C:\Windows\system32\ole32.dll
0x00007ffc09e20000 - 0x00007ffc0b22f000 	C:\Windows\system32\SHELL32.dll
0x00007ffc07fb0000 - 0x00007ffc07fcf000 	C:\Windows\SYSTEM32\USERENV.dll
0x00007ffc09b30000 - 0x00007ffc09bd5000 	C:\Windows\system32\ADVAPI32.dll
0x00007ffc004f0000 - 0x00007ffc0050b000 	C:\Windows\SYSTEM32\MPR.dll
0x00007ffc0b2f0000 - 0x00007ffc0b426000 	C:\Windows\system32\RPCRT4.dll
0x00007ffc09be0000 - 0x00007ffc09c37000 	C:\Windows\SYSTEM32\sechost.dll
0x00007ffc09c40000 - 0x00007ffc09e17000 	C:\Windows\SYSTEM32\combase.dll
0x00007ffc093d0000 - 0x00007ffc09515000 	C:\Windows\system32\GDI32.dll
0x00007ffc089d0000 - 0x00007ffc089e4000 	C:\Windows\SYSTEM32\profapi.dll
0x00007ffc07590000 - 0x00007ffc07631000 	C:\Windows\SYSTEM32\SHCORE.dll
0x00007ffc09140000 - 0x00007ffc09174000 	C:\Windows\system32\IMM32.DLL
0x00007ffc09810000 - 0x00007ffc09948000 	C:\Windows\system32\MSCTF.dll
0x00007ffc08990000 - 0x00007ffc089bf000 	C:\Windows\system32\nvinitx.dll
0x000000000f000000 - 0x000000000f006000 	C:\Program Files\NVIDIA Corporation\CoProcManager\detoured.dll
0x00007ffc06a30000 - 0x00007ffc06a8f000 	C:\Program Files\NVIDIA Corporation\CoProcManager\nvd3d9wrapx.dll
0x00007ffc09190000 - 0x00007ffc09366000 	C:\Windows\system32\SETUPAPI.dll
0x00007ffc08aa0000 - 0x00007ffc08aea000 	C:\Windows\system32\CFGMGR32.dll
0x00007ffc06970000 - 0x00007ffc069b6000 	C:\Program Files\NVIDIA Corporation\CoProcManager\nvdxgiwrapx.dll
0x00007ffc06b80000 - 0x00007ffc06dda000 	C:\Windows\WinSxS\amd64_microsoft.windows.common-controls_6595b64144ccf1df_6.0.9600.16384_none_62475f7becb72503\COMCTL32.dll
0x000000005dd80000 - 0x000000005de52000 	C:\Program Files\Java\jre7\bin\msvcr100.dll
0x000000005d5b0000 - 0x000000005dd79000 	C:\Program Files\Java\jre7\bin\server\jvm.dll
0x00007ffbfd300000 - 0x00007ffbfd309000 	C:\Windows\SYSTEM32\WSOCK32.dll
0x00007ffc064a0000 - 0x00007ffc064bf000 	C:\Windows\SYSTEM32\WINMM.dll
0x00007ffc0b430000 - 0x00007ffc0b437000 	C:\Windows\system32\PSAPI.DLL
0x00007ffc0b5f0000 - 0x00007ffc0b648000 	C:\Windows\system32\WS2_32.dll
0x00007ffc062c0000 - 0x00007ffc062ea000 	C:\Windows\SYSTEM32\WINMMBASE.dll
0x00007ffc09180000 - 0x00007ffc09189000 	C:\Windows\system32\NSI.dll
0x00007ffc07830000 - 0x00007ffc07856000 	C:\Windows\SYSTEM32\DEVOBJ.dll
0x000000005d5a0000 - 0x000000005d5af000 	C:\Program Files\Java\jre7\bin\verify.dll
0x000000005d570000 - 0x000000005d598000 	C:\Program Files\Java\jre7\bin\java.dll
0x000000005d550000 - 0x000000005d565000 	C:\Program Files\Java\jre7\bin\zip.dll

VM Arguments:
jvm_args: -Djava.library.path=C:\Users\Michael\Developer\AgileProject\src\dep -Dfile.encoding=UTF-8 -Xbootclasspath:C:\Program Files (x86)\Android\android-sdk\platforms\android-19\android.jar 
java_command: com.StockTake.FeedParserTest
Launcher Type: SUN_STANDARD

Environment Variables:
JAVA_HOME=C:\Program Files\Java\jdk1.7.0_51
PATH=C:\Program Files (x86)\iis express\PHP\v5.3;C:\app\ronsc_000\product\12.1.0\client_2;C:\app\ronsc_000\product\12.1.0\client_2\bin;C:\OracleFiles\product\12.1.0\client_2;C:\OracleFiles\product\12.1.0\client_2\bin;C:\Program Files (x86)\NVIDIA Corporation\PhysX\Common;C:\Windows\system32;C:\Windows;C:\Windows\System32\Wbem;C:\Windows\System32\WindowsPowerShell\v1.0\;C:\Program Files (x86)\Windows Kits\8.1\Windows Performance Toolkit\;C:\Program Files\Microsoft SQL Server\110\Tools\Binn\;C:\Program Files (x86)\Windows Live\Shared;C:\Program Files (x86)\MySQL\MySQL Utilities 1.3.6\;C:\Python27;C:\Python27\Lib\site-packages\;C:\Python27\Scripts\;;C:\Program Files (x86)\Intel\OpenCL SDK\2.0\bin\x86;C:\Program Files (x86)\Intel\OpenCL SDK\2.0\bin\x64
USERNAME=ronsc_000
OS=Windows_NT
PROCESSOR_IDENTIFIER=Intel64 Family 6 Model 42 Stepping 7, GenuineIntel



---------------  S Y S T E M  ---------------

OS: Windows 8 , 64 bit Build 9200 

CPU:total 8 (4 cores per cpu, 2 threads per core) family 6 model 42 stepping 7, cmov, cx8, fxsr, mmx, sse, sse2, sse3, ssse3, sse4.1, sse4.2, popcnt, avx, aes, ht, tsc, tscinvbit

Memory: 4k page, physical 8297156k(4151640k free), swap 9607876k(3599636k free)

vm_info: Java HotSpot(TM) 64-Bit Server VM (24.51-b03) for windows-amd64 JRE (1.7.0_51-b13), built on Dec 18 2013 18:40:56 by "java_re" with unknown MS VC++:1600

time: Tue Jan 28 15:23:57 2014
elapsed time: 0 seconds

